<?xml version="1.0" encoding="UTF-8"?>
<Ondex version="3.0">
  <Workflow>
    <Graph name="memorygraph">
      <Arg name="GraphName">default</Arg>
      <Arg name="graphId">default</Arg>
    </Graph>
    <Parser name="tabParser2">
      <Arg name="InputFile">/Users/brandizi/Documents/Work/RRes/events/202004-covid19-hackathon/data-dumps/covidgraph/abs-genes.txt</Arg>
      <Arg name="configFile">/Users/brandizi/Documents/Work/RRes/events/202004-covid19-hackathon/covidgraph/ondex-test/gene-abs-tb-import.xml</Arg>
      <Arg name="graphId">default</Arg>
      <Arg name="mergeOptions">MERGE_ON_ACCESSIONS</Arg>
    </Parser>
    <Parser name="tabParser2">
      <Arg name="InputFile">/Users/brandizi/Documents/Work/RRes/events/202004-covid19-hackathon/data-dumps/covidgraph/body-genes.txt</Arg>
      <Arg name="configFile">/Users/brandizi/Documents/Work/RRes/events/202004-covid19-hackathon/covidgraph/ondex-test/gene-body-tb-import.xml</Arg>
      <Arg name="graphId">default</Arg>
      <Arg name="mergeOptions">MERGE_ON_ACCESSIONS</Arg>
    </Parser>
    <Transformer name="graphSampler">
      <Arg name="relativeSize">0.005</Arg>
      <Arg name="graphId">default</Arg>
    </Transformer>
  </Workflow>
</Ondex>

